[20:58:12] [main/INFO]: Loading Minecraft 1.20.1 with Fabric Loader 0.15.11
[20:58:12] [main/INFO]: Fabric is preparing JARs on first launch, this may take a few seconds...
[20:58:13] [main/INFO]: Loading 4 mods:
	- fabricloader 0.15.11
	   \-- mixinextras 0.3.5
	- java 21
	- minecraft 1.20.1
[20:58:13] [main/INFO]: SpongePowered MIXIN Subsystem Version=0.8.5 Source=file:/data/libraries/net/fabricmc/sponge-mixin/0.13.3+mixin.0.8.5/sponge-mixin-0.13.3+mixin.0.8.5.jar Service=Knot/Fabric Env=SERVER
[20:58:17] [main/INFO]: Environment: authHost='https://authserver.mojang.com', accountsHost='https://api.mojang.com', sessionHost='https://sessionserver.mojang.com', servicesHost='https://api.minecraftservices.com', name='PROD'
[20:58:18] [main/INFO]: Loaded 7 recipes
[20:58:18] [main/INFO]: Loaded 1271 advancements
[20:58:18] [Server thread/INFO]: Starting minecraft server version 1.20.1
[20:58:18] [Server thread/INFO]: Loading properties
[20:58:18] [Server thread/INFO]: Default game type: SURVIVAL
[20:58:18] [Server thread/INFO]: Generating keypair
[20:58:18] [Server thread/INFO]: Starting Minecraft server on *:25565
[20:58:19] [Server thread/INFO]: Using epoll channel type
[20:58:19] [Server thread/INFO]: Preparing level "world"
[20:58:28] [Server thread/INFO]: Preparing start region for dimension minecraft:overworld
[20:58:29] [Worker-Main-2/INFO]: Preparing spawn area: 0%
[20:58:29] [Worker-Main-12/INFO]: Preparing spawn area: 0%
[20:58:29] [Worker-Main-1/INFO]: Preparing spawn area: 0%
[20:58:29] [Worker-Main-6/INFO]: Preparing spawn area: 0%
[20:58:30] [Worker-Main-1/INFO]: Preparing spawn area: 0%
[20:58:30] [Worker-Main-4/INFO]: Preparing spawn area: 0%
[20:58:31] [Worker-Main-14/INFO]: Preparing spawn area: 1%
[20:58:31] [Worker-Main-6/INFO]: Preparing spawn area: 1%
[20:58:32] [Worker-Main-7/INFO]: Preparing spawn area: 3%
[20:58:32] [Worker-Main-6/INFO]: Preparing spawn area: 3%
[20:58:33] [Worker-Main-15/INFO]: Preparing spawn area: 4%
[20:58:33] [Worker-Main-12/INFO]: Preparing spawn area: 4%
[20:58:34] [Worker-Main-7/INFO]: Preparing spawn area: 6%
[20:58:34] [Worker-Main-14/INFO]: Preparing spawn area: 7%
[20:58:35] [Worker-Main-1/INFO]: Preparing spawn area: 10%
[20:58:35] [Worker-Main-7/INFO]: Preparing spawn area: 12%
[20:58:36] [Worker-Main-4/INFO]: Preparing spawn area: 13%
[20:58:36] [Worker-Main-2/INFO]: Preparing spawn area: 14%
[20:58:37] [Worker-Main-10/INFO]: Preparing spawn area: 16%
[20:58:37] [Worker-Main-9/INFO]: Preparing spawn area: 17%
[20:58:38] [Worker-Main-11/INFO]: Preparing spawn area: 20%
[20:58:38] [Worker-Main-1/INFO]: Preparing spawn area: 23%
[20:58:39] [Worker-Main-2/INFO]: Preparing spawn area: 25%
[20:58:39] [Worker-Main-13/INFO]: Preparing spawn area: 28%
[20:58:40] [Worker-Main-10/INFO]: Preparing spawn area: 31%
[20:58:40] [Worker-Main-8/INFO]: Preparing spawn area: 34%
[20:58:41] [Worker-Main-2/INFO]: Preparing spawn area: 35%
[20:58:41] [Worker-Main-2/INFO]: Preparing spawn area: 38%
[20:58:42] [Worker-Main-8/INFO]: Preparing spawn area: 41%
[20:58:42] [Worker-Main-9/INFO]: Preparing spawn area: 42%
[20:58:43] [Worker-Main-7/INFO]: Preparing spawn area: 45%
[20:58:43] [Worker-Main-8/INFO]: Preparing spawn area: 50%
[20:58:44] [Worker-Main-7/INFO]: Preparing spawn area: 53%
[20:58:44] [Worker-Main-9/INFO]: Preparing spawn area: 54%
[20:58:45] [Worker-Main-1/INFO]: Preparing spawn area: 57%
[20:58:45] [Worker-Main-14/INFO]: Preparing spawn area: 60%
[20:58:46] [Worker-Main-4/INFO]: Preparing spawn area: 65%
[20:58:46] [Worker-Main-6/INFO]: Preparing spawn area: 68%
[20:58:47] [Worker-Main-4/INFO]: Preparing spawn area: 70%
[20:58:47] [Worker-Main-10/INFO]: Preparing spawn area: 74%
[20:58:48] [Worker-Main-3/INFO]: Preparing spawn area: 78%
[20:58:48] [Worker-Main-10/INFO]: Preparing spawn area: 81%
[20:58:49] [Worker-Main-6/INFO]: Preparing spawn area: 84%
[20:58:49] [Worker-Main-4/INFO]: Preparing spawn area: 88%
[20:58:50] [Worker-Main-6/INFO]: Preparing spawn area: 92%
[20:58:50] [Worker-Main-2/INFO]: Preparing spawn area: 97%
[20:58:50] [Server thread/INFO]: Time elapsed: 22672 ms
[20:58:50] [Server thread/INFO]: Done (31.579s)! For help, type "help"
[20:58:50] [Server thread/INFO]: Starting remote control listener
[20:58:50] [Server thread/INFO]: Thread RCON Listener started
[20:58:50] [Server thread/INFO]: RCON running on 0.0.0.0:25575
[21:09:11] [RCON Listener #1/INFO]: Thread RCON Client /0:0:0:0:0:0:0:1 started
[21:09:11] [Server thread/INFO]: [Rcon: Stopping the server]
[21:09:11] [RCON Client /0:0:0:0:0:0:0:1 #2/INFO]: Thread RCON Client /0:0:0:0:0:0:0:1 shutting down
[21:09:12] [Server thread/INFO]: Stopping server
[21:09:12] [Server thread/INFO]: Saving players
[21:09:12] [Server thread/INFO]: Saving worlds
[21:09:13] [Server thread/INFO]: Saving chunks for level 'ServerLevel[world]'/minecraft:overworld
[21:09:14] [Server thread/INFO]: Saving chunks for level 'ServerLevel[world]'/minecraft:the_end
[21:09:14] [Server thread/INFO]: Saving chunks for level 'ServerLevel[world]'/minecraft:the_nether
[21:09:14] [Server thread/INFO]: ThreadedAnvilChunkStorage (world): All chunks are saved
[21:09:14] [Server thread/INFO]: ThreadedAnvilChunkStorage (DIM1): All chunks are saved
[21:09:14] [Server thread/INFO]: ThreadedAnvilChunkStorage (DIM-1): All chunks are saved
[21:09:14] [Server thread/INFO]: ThreadedAnvilChunkStorage: All dimensions are saved
[21:09:14] [Server thread/INFO]: Thread RCON Listener stopped
